<?xml version="1.0" encoding="UTF-8"?>
<!-- Generated by org.testng.reporters.JUnitXMLReporter -->
<testsuite hostname="DESKTOP-H2EA99N" ignored="0" name="Default test" tests="10" failures="0" timestamp="2021-09-29T08:25:04 IST" time="46.018" errors="0">
  <testcase name="signup" time="12.12" classname="com.mindtree.runner.runner"/>
  <testcase name="detailsupdate" time="10.328" classname="com.mindtree.runner.runner"/>
  <testcase name="store" time="3.985" classname="com.mindtree.runner.runner"/>
  <testcase name="cusStories" time="2.014" classname="com.mindtree.runner.runner"/>
  <testcase name="abtcompany" time="0.985" classname="com.mindtree.runner.runner"/>
  <testcase name="search" time="1.826" classname="com.mindtree.runner.runner"/>
  <testcase name="addcart" time="5.224" classname="com.mindtree.runner.runner"/>
  <testcase name="EMI" time="2.069" classname="com.mindtree.runner.runner"/>
  <testcase name="giveaway" time="0.749" classname="com.mindtree.runner.runner"/>
  <testcase name="logout" time="2.003" classname="com.mindtree.runner.runner"/>
</testsuite> <!-- Default test -->
