<?xml version="1.0" encoding="UTF-8"?>
<testng-results skipped="0" failed="0" ignored="0" total="10" passed="10">
  <reporter-output>
  </reporter-output>
  <suite name="Default suite" duration-ms="46018" started-at="2021-09-29T08:24:18 IST" finished-at="2021-09-29T08:25:04 IST">
    <groups>
    </groups>
    <test name="Default test" duration-ms="46018" started-at="2021-09-29T08:24:18 IST" finished-at="2021-09-29T08:25:04 IST">
      <class name="com.mindtree.runner.runner">
        <test-method status="PASS" signature="webpageload()[pri:0, instance:com.mindtree.runner.runner@2a70a3d8]" name="webpageload" is-config="true" duration-ms="3897" started-at="2021-09-29T08:24:18 IST" finished-at="2021-09-29T08:24:22 IST">
          <reporter-output>
          </reporter-output>
        </test-method> <!-- webpageload -->
        <test-method status="PASS" signature="signup()[pri:0, instance:com.mindtree.runner.runner@2a70a3d8]" name="signup" duration-ms="12120" started-at="2021-09-29T08:24:22 IST" finished-at="2021-09-29T08:24:35 IST">
          <reporter-output>
          </reporter-output>
        </test-method> <!-- signup -->
        <test-method status="PASS" signature="detailsupdate()[pri:1, instance:com.mindtree.runner.runner@2a70a3d8]" name="detailsupdate" duration-ms="10328" started-at="2021-09-29T08:24:35 IST" finished-at="2021-09-29T08:24:45 IST">
          <reporter-output>
          </reporter-output>
        </test-method> <!-- detailsupdate -->
        <test-method status="PASS" signature="store()[pri:2, instance:com.mindtree.runner.runner@2a70a3d8]" name="store" duration-ms="3985" started-at="2021-09-29T08:24:45 IST" finished-at="2021-09-29T08:24:49 IST">
          <reporter-output>
          </reporter-output>
        </test-method> <!-- store -->
        <test-method status="PASS" signature="cusStories()[pri:3, instance:com.mindtree.runner.runner@2a70a3d8]" name="cusStories" duration-ms="2014" started-at="2021-09-29T08:24:49 IST" finished-at="2021-09-29T08:24:51 IST">
          <reporter-output>
          </reporter-output>
        </test-method> <!-- cusStories -->
        <test-method status="PASS" signature="abtcompany()[pri:4, instance:com.mindtree.runner.runner@2a70a3d8]" name="abtcompany" duration-ms="985" started-at="2021-09-29T08:24:51 IST" finished-at="2021-09-29T08:24:52 IST">
          <reporter-output>
          </reporter-output>
        </test-method> <!-- abtcompany -->
        <test-method status="PASS" signature="search()[pri:5, instance:com.mindtree.runner.runner@2a70a3d8]" name="search" duration-ms="1826" started-at="2021-09-29T08:24:52 IST" finished-at="2021-09-29T08:24:54 IST">
          <reporter-output>
          </reporter-output>
        </test-method> <!-- search -->
        <test-method status="PASS" signature="addcart()[pri:6, instance:com.mindtree.runner.runner@2a70a3d8]" name="addcart" duration-ms="5224" started-at="2021-09-29T08:24:54 IST" finished-at="2021-09-29T08:24:59 IST">
          <reporter-output>
          </reporter-output>
        </test-method> <!-- addcart -->
        <test-method status="PASS" signature="EMI()[pri:7, instance:com.mindtree.runner.runner@2a70a3d8]" name="EMI" duration-ms="2069" started-at="2021-09-29T08:24:59 IST" finished-at="2021-09-29T08:25:01 IST">
          <reporter-output>
          </reporter-output>
        </test-method> <!-- EMI -->
        <test-method status="PASS" signature="giveaway()[pri:8, instance:com.mindtree.runner.runner@2a70a3d8]" name="giveaway" duration-ms="749" started-at="2021-09-29T08:25:01 IST" finished-at="2021-09-29T08:25:02 IST">
          <reporter-output>
          </reporter-output>
        </test-method> <!-- giveaway -->
        <test-method status="PASS" signature="logout()[pri:9, instance:com.mindtree.runner.runner@2a70a3d8]" name="logout" duration-ms="2003" started-at="2021-09-29T08:25:02 IST" finished-at="2021-09-29T08:25:04 IST">
          <reporter-output>
          </reporter-output>
        </test-method> <!-- logout -->
        <test-method status="PASS" signature="end()[pri:0, instance:com.mindtree.runner.runner@2a70a3d8]" name="end" is-config="true" duration-ms="738" started-at="2021-09-29T08:25:04 IST" finished-at="2021-09-29T08:25:04 IST">
          <reporter-output>
          </reporter-output>
        </test-method> <!-- end -->
      </class> <!-- com.mindtree.runner.runner -->
    </test> <!-- Default test -->
  </suite> <!-- Default suite -->
</testng-results>
